WARNING 2025-06-16 17:27:29,673 log 99900 6136016896 Not Found: /accounts/login/
WARNING 2025-06-16 17:27:29,673 basehttp 99900 6136016896 "GET /accounts/login/?next=/api/v1/swagger/ HTTP/1.1" 404 2502
WARNING 2025-06-16 17:27:29,712 log 99900 6136016896 Not Found: /favicon.ico
WARNING 2025-06-16 17:27:29,712 basehttp 99900 6136016896 "GET /favicon.ico HTTP/1.1" 404 2468
INFO 2025-06-16 17:27:36,918 basehttp 99900 6136016896 "GET /admin HTTP/1.1" 301 0
INFO 2025-06-16 17:27:36,937 basehttp 99900 6136016896 "GET /admin/ HTTP/1.1" 302 0
INFO 2025-06-16 17:27:36,955 basehttp 99900 6136016896 "GET /admin/login/?next=/admin/ HTTP/1.1" 200 4310
INFO 2025-06-16 17:27:36,983 basehttp 99900 6169669632 "GET /static/admin/css/nav_sidebar.css HTTP/1.1" 200 2810
INFO 2025-06-16 17:27:36,983 basehttp 99900 6136016896 "GET /static/admin/css/base.css HTTP/1.1" 200 21544
INFO 2025-06-16 17:27:36,984 basehttp 99900 6186496000 "GET /static/admin/css/login.css HTTP/1.1" 200 958
INFO 2025-06-16 17:27:36,984 basehttp 99900 6152843264 "GET /static/admin/css/dark_mode.css HTTP/1.1" 200 2682
INFO 2025-06-16 17:27:36,985 basehttp 99900 6186496000 "GET /static/admin/js/nav_sidebar.js HTTP/1.1" 200 3063
INFO 2025-06-16 17:27:36,986 basehttp 99900 6220148736 "GET /static/admin/js/theme.js HTTP/1.1" 200 1943
INFO 2025-06-16 17:27:36,987 basehttp 99900 6203322368 "GET /static/admin/css/responsive.css HTTP/1.1" 200 17905
INFO 2025-06-16 17:28:48,208 basehttp 99900 6203322368 "POST /admin/login/?next=/admin/ HTTP/1.1" 302 0
INFO 2025-06-16 17:28:48,227 basehttp 99900 6203322368 "GET /admin/ HTTP/1.1" 200 19480
INFO 2025-06-16 17:28:48,254 basehttp 99900 6203322368 "GET /static/admin/css/base.css HTTP/1.1" 304 0
INFO 2025-06-16 17:28:48,255 basehttp 99900 6186496000 "GET /static/admin/css/dark_mode.css HTTP/1.1" 304 0
INFO 2025-06-16 17:28:48,257 basehttp 99900 6136016896 "GET /static/admin/css/nav_sidebar.css HTTP/1.1" 304 0
INFO 2025-06-16 17:28:48,257 basehttp 99900 6169669632 "GET /static/admin/js/theme.js HTTP/1.1" 304 0
INFO 2025-06-16 17:28:48,258 basehttp 99900 6152843264 "GET /static/admin/css/responsive.css HTTP/1.1" 304 0
INFO 2025-06-16 17:28:48,259 basehttp 99900 6220148736 "GET /static/admin/css/dashboard.css HTTP/1.1" 200 441
INFO 2025-06-16 17:28:48,259 basehttp 99900 6186496000 "GET /static/admin/js/nav_sidebar.js HTTP/1.1" 304 0
INFO 2025-06-16 17:28:48,263 basehttp 99900 6186496000 "GET /static/admin/img/icon-addlink.svg HTTP/1.1" 200 331
INFO 2025-06-16 17:28:48,263 basehttp 99900 6220148736 "GET /static/admin/img/icon-changelink.svg HTTP/1.1" 200 380
INFO 2025-06-16 17:36:37,667 autoreload 3351 8437325568 Watching for file changes with StatReloader
INFO 2025-06-16 17:36:50,012 basehttp 3351 6162706432 "GET /admin/ HTTP/1.1" 200 19480
INFO 2025-06-16 17:36:50,039 basehttp 3351 6162706432 "GET /static/admin/css/base.css HTTP/1.1" 304 0
INFO 2025-06-16 17:36:50,041 basehttp 3351 6179532800 "GET /static/admin/css/dark_mode.css HTTP/1.1" 304 0
INFO 2025-06-16 17:36:50,042 basehttp 3351 6213185536 "GET /static/admin/css/nav_sidebar.css HTTP/1.1" 304 0
INFO 2025-06-16 17:36:50,042 basehttp 3351 6162706432 "GET /static/admin/js/nav_sidebar.js HTTP/1.1" 304 0
INFO 2025-06-16 17:36:50,043 basehttp 3351 6196359168 "GET /static/admin/css/dashboard.css HTTP/1.1" 304 0
INFO 2025-06-16 17:36:50,043 basehttp 3351 6246838272 "GET /static/admin/js/theme.js HTTP/1.1" 304 0
INFO 2025-06-16 17:36:50,044 basehttp 3351 6230011904 "GET /static/admin/css/responsive.css HTTP/1.1" 304 0
INFO 2025-06-16 17:36:50,053 basehttp 3351 6246838272 "GET /static/admin/img/icon-changelink.svg HTTP/1.1" 304 0
INFO 2025-06-16 17:36:50,053 basehttp 3351 6230011904 "GET /static/admin/img/icon-addlink.svg HTTP/1.1" 304 0
INFO 2025-06-21 21:14:10,384 autoreload 9843 8543772416 Watching for file changes with StatReloader
WARNING 2025-06-21 21:14:29,892 log 9843 6161920000 Not Found: /
WARNING 2025-06-21 21:14:29,894 basehttp 9843 6161920000 "GET / HTTP/1.1" 404 2535
WARNING 2025-06-21 21:14:29,959 log 9843 6161920000 Not Found: /favicon.ico
WARNING 2025-06-21 21:14:29,959 basehttp 9843 6161920000 "GET /favicon.ico HTTP/1.1" 404 2586
INFO 2025-06-21 21:14:36,015 basehttp 9843 6161920000 "GET /admin HTTP/1.1" 301 0
INFO 2025-06-21 21:14:36,497 basehttp 9843 6161920000 "GET /admin/ HTTP/1.1" 302 0
INFO 2025-06-21 21:14:36,952 basehttp 9843 6161920000 "GET /admin/login/?next=/admin/ HTTP/1.1" 200 4310
INFO 2025-06-21 21:14:36,976 basehttp 9843 6161920000 "GET /static/admin/css/base.css HTTP/1.1" 304 0
INFO 2025-06-21 21:14:36,980 basehttp 9843 6178746368 "GET /static/admin/css/login.css HTTP/1.1" 304 0
INFO 2025-06-21 21:14:36,980 basehttp 9843 6161920000 "GET /static/admin/css/nav_sidebar.css HTTP/1.1" 304 0
INFO 2025-06-21 21:14:36,980 basehttp 9843 6195572736 "GET /static/admin/css/dark_mode.css HTTP/1.1" 304 0
INFO 2025-06-21 21:14:36,981 basehttp 9843 6212399104 "GET /static/admin/css/responsive.css HTTP/1.1" 304 0
INFO 2025-06-21 21:14:36,982 basehttp 9843 6246051840 "GET /static/admin/js/nav_sidebar.js HTTP/1.1" 304 0
INFO 2025-06-21 21:14:36,982 basehttp 9843 6229225472 "GET /static/admin/js/theme.js HTTP/1.1" 304 0
INFO 2025-06-21 21:18:23,431 autoreload 9843 8543772416 /Users/eisec/fastApiAdmin/backend/core/settings/development.py changed, reloading.
INFO 2025-06-21 21:18:23,865 autoreload 10066 8543772416 Watching for file changes with StatReloader
INFO 2025-06-21 21:19:16,456 autoreload 10136 8543772416 Watching for file changes with StatReloader
INFO 2025-06-21 21:19:24,140 basehttp 10136 6123565056 "OPTIONS /api/auth/me/ HTTP/1.1" 200 0
WARNING 2025-06-21 21:19:49,900 log 10136 6123565056 Not Found: /api/
WARNING 2025-06-21 21:19:49,900 basehttp 10136 6123565056 "GET /api/ HTTP/1.1" 404 2565
WARNING 2025-06-21 21:19:59,734 log 10136 6123565056 Not Found: /api/sites/
WARNING 2025-06-21 21:19:59,734 basehttp 10136 6123565056 "GET /api/sites/ HTTP/1.1" 404 2583
WARNING 2025-06-21 21:20:18,027 log 10136 6123565056 Unauthorized: /api/v1/sites/
WARNING 2025-06-21 21:20:18,027 basehttp 10136 6123565056 "GET /api/v1/sites/ HTTP/1.1" 401 82
INFO 2025-06-21 21:20:27,693 basehttp 10136 6123565056 "OPTIONS /api/v1/sites/ HTTP/1.1" 200 0
INFO 2025-06-21 21:24:13,403 autoreload 10136 8543772416 /Users/eisec/fastApiAdmin/backend/core/settings/base.py changed, reloading.
INFO 2025-06-21 21:24:13,881 autoreload 10403 8543772416 Watching for file changes with StatReloader
INFO 2025-06-21 21:24:22,428 autoreload 10403 8543772416 /Users/eisec/fastApiAdmin/backend/core/settings/development.py changed, reloading.
INFO 2025-06-21 21:24:22,781 autoreload 10423 8543772416 Watching for file changes with StatReloader
INFO 2025-06-21 21:24:32,307 autoreload 10423 8543772416 /Users/eisec/fastApiAdmin/backend/core/settings/development.py changed, reloading.
INFO 2025-06-21 21:24:32,645 autoreload 10439 8543772416 Watching for file changes with StatReloader
INFO 2025-06-21 21:24:54,534 autoreload 10457 8543772416 Watching for file changes with StatReloader
INFO 2025-06-21 21:25:04,594 basehttp 10457 6127218688 "OPTIONS /api/v1/sites/ HTTP/1.1" 200 0
WARNING 2025-06-21 21:25:19,769 log 10457 6127218688 Unauthorized: /api/v1/sites/
WARNING 2025-06-21 21:25:19,769 basehttp 10457 6127218688 "GET /api/v1/sites/ HTTP/1.1" 401 82
INFO 2025-06-21 21:29:28,804 autoreload 10457 8543772416 /Users/eisec/fastApiAdmin/backend/core/settings/development.py changed, reloading.
